<?xml version='1.0' encoding='UTF-8'?>
<testsuite hostname="APM3LC02XV0YKJGH6" name="CircuitBreakerSpec" tests="3" errors="0" failures="0" skipped="0" time="1.302" timestamp="2019-10-20T20:43:11">
                     <properties>
      <property name="java.vendor" value="Oracle Corporation"/><property name="sun.java.launcher" value="SUN_STANDARD"/><property name="sun.management.compiler" value="HotSpot 64-Bit Tiered Compilers"/><property name="https.proxyHost" value="localhost"/><property name="jnidispatch.path" value="/var/folders/kj/6b0fcjyd45s_k_tbdtw10y7m0000gp/T/jna--1293799471/jna8131527343805572885.tmp"/><property name="graalvm.home" value="/Users/eu33fg/Downloads/graalvm-ce-19.1.1/Contents/Home"/><property name="os.name" value="Mac OS X"/><property name="sun.boot.class.path" value="/Users/eu33fg/Downloads/graalvm-ce-19.1.1/Contents/Home/jre/lib/resources.jar:/Users/eu33fg/Downloads/graalvm-ce-19.1.1/Contents/Home/jre/lib/rt.jar:/Users/eu33fg/Downloads/graalvm-ce-19.1.1/Contents/Home/jre/lib/sunrsasign.jar:/Users/eu33fg/Downloads/graalvm-ce-19.1.1/Contents/Home/jre/lib/jsse.jar:/Users/eu33fg/Downloads/graalvm-ce-19.1.1/Contents/Home/jre/lib/jce.jar:/Users/eu33fg/Downloads/graalvm-ce-19.1.1/Contents/Home/jre/lib/charsets.jar:/Users/eu33fg/Downloads/graalvm-ce-19.1.1/Contents/Home/jre/lib/jfr.jar:/Users/eu33fg/Downloads/graalvm-ce-19.1.1/Contents/Home/jre/lib/jvmci-services.jar:/Users/eu33fg/Downloads/graalvm-ce-19.1.1/Contents/Home/jre/classes:/Users/eu33fg/Downloads/graalvm-ce-19.1.1/Contents/Home/jre/lib/boot/graaljs-scriptengine.jar:/Users/eu33fg/Downloads/graalvm-ce-19.1.1/Contents/Home/jre/lib/boot/graal-sdk.src.zip:/Users/eu33fg/Downloads/graalvm-ce-19.1.1/Contents/Home/jre/lib/boot/graal-sdk.jar"/><property name="user.country.format" value="NL"/><property name="java.vm.specification.vendor" value="Oracle Corporation"/><property name="java.runtime.version" value="1.8.0_222-20190711112007.graal.jdk8u-src-tar-gz-b08"/><property name="profiler.home" value="/Users/eu33fg/Downloads/graalvm-ce-19.1.1/Contents/Home/jre/tools/profiler"/><property name="jna.loaded" value="true"/><property name="http.proxyPort" value="3128"/><property name="user.name" value="eu33fg"/><property name="user.language" value="en"/><property name="sun.boot.library.path" value="/Users/eu33fg/Downloads/graalvm-ce-19.1.1/Contents/Home/jre/lib"/><property name="jna.nosys" value="true"/><property name="idea.managed" value="true"/><property name="java.version" value="1.8.0_222"/><property name="user.timezone" value="Europe/Amsterdam"/><property name="sun.arch.data.model" value="64"/><property name="jline.shutdownhook" value="false"/><property name="http.nonProxyHosts" value="local|*.local|169.254/16|*.169.254/16|ing.net|*.ing.net|ing.com|*.ing.com"/><property name="java.endorsed.dirs" value="/Users/eu33fg/Downloads/graalvm-ce-19.1.1/Contents/Home/jre/lib/endorsed"/><property name="sun.cpu.isalist" value=""/><property name="sun.jnu.encoding" value="UTF-8"/><property name="file.encoding.pkg" value="sun.io"/><property name="js.home" value="/Users/eu33fg/Downloads/graalvm-ce-19.1.1/Contents/Home/jre/languages/js"/><property name="file.separator" value="/"/><property name="java.specification.name" value="Java Platform API Specification"/><property name="java.class.version" value="52.0"/><property name="llvm.home" value="/Users/eu33fg/Downloads/graalvm-ce-19.1.1/Contents/Home/jre/languages/llvm"/><property name="user.country" value="IN"/><property name="java.home" value="/Users/eu33fg/Downloads/graalvm-ce-19.1.1/Contents/Home/jre"/><property name="java.vm.info" value="mixed mode"/><property name="os.version" value="10.14.4"/><property name="https.proxyPort" value="3128"/><property name="path.separator" value=":"/><property name="java.vm.version" value="25.222-b08-jvmci-19.1-b01"/><property name="java.awt.printerjob" value="sun.lwawt.macosx.CPrinterJob"/><property name="sun.io.unicode.encoding" value="UnicodeBig"/><property name="awt.toolkit" value="sun.lwawt.macosx.LWCToolkit"/><property name="socksNonProxyHosts" value="local|*.local|169.254/16|*.169.254/16|ing.net|*.ing.net|ing.com|*.ing.com"/><property name="ftp.nonProxyHosts" value="local|*.local|169.254/16|*.169.254/16|ing.net|*.ing.net|ing.com|*.ing.com"/><property name="user.home" value="/Users/eu33fg"/><property name="java.specification.vendor" value="Oracle Corporation"/><property name="swoval.tmpdir" value="/Users/eu33fg/.sbt/1.0"/><property name="java.library.path" value="/Users/eu33fg/Library/Java/Extensions:/Library/Java/Extensions:/Network/Library/Java/Extensions:/System/Library/Java/Extensions:/usr/lib/java:."/><property name="java.vendor.url" value="http://java.oracle.com/"/><property name="org.graalvm.version" value="19.1.1"/><property name="jline.esc.timeout" value="0"/><property name="org.graalvm.home" value="/Users/eu33fg/Downloads/graalvm-ce-19.1.1/Contents/Home"/><property name="java.vm.vendor" value="Oracle Corporation"/><property name="gopherProxySet" value="false"/><property name="java.runtime.name" value="OpenJDK Runtime Environment"/><property name="chromeinspector.home" value="/Users/eu33fg/Downloads/graalvm-ce-19.1.1/Contents/Home/jre/tools/chromeinspector"/><property name="sun.java.command" value="/Users/eu33fg/Library/Application Support/IntelliJIdea2019.1/Scala/launcher/sbt-launch.jar --addPluginSbtFile=/private/var/folders/kj/6b0fcjyd45s_k_tbdtw10y7m0000gp/T/idea.sbt ; set ideaPort in Global := 59027 ; idea-shell"/><property name="java.class.path" value="/Users/eu33fg/Library/Application Support/IntelliJIdea2019.1/Scala/launcher/sbt-launch.jar"/><property name="graalvm.version" value="19.1.1"/><property name="java.vm.specification.name" value="Java Virtual Machine Specification"/><property name="java.vm.specification.version" value="1.8"/><property name="sun.cpu.endian" value="little"/><property name="sun.os.patch.level" value="unknown"/><property name="regex.home" value="/Users/eu33fg/Downloads/graalvm-ce-19.1.1/Contents/Home/jre/languages/regex"/><property name="java.io.tmpdir" value="/var/folders/kj/6b0fcjyd45s_k_tbdtw10y7m0000gp/T/"/><property name="java.vendor.url.bug" value="http://bugreport.sun.com/bugreport/"/><property name="http.proxyHost" value="localhost"/><property name="jna.platform.library.path" value="/usr/lib:/usr/lib"/><property name="os.arch" value="x86_64"/><property name="java.awt.graphicsenv" value="sun.awt.CGraphicsEnvironment"/><property name="java.ext.dirs" value="/Users/eu33fg/Library/Java/Extensions:/Users/eu33fg/Downloads/graalvm-ce-19.1.1/Contents/Home/jre/lib/ext:/Library/Java/Extensions:/Network/Library/Java/Extensions:/System/Library/Java/Extensions:/usr/lib/java"/><property name="user.dir" value="/Users/eu33fg/repos/forkedrepos/cats-circuit-breaker"/><property name="line.separator" value="
"/><property name="java.vm.name" value="OpenJDK 64-Bit GraalVM CE 19.1.1"/><property name="log4j.ignoreTCL" value="true"/><property name="nfi.home" value="/Users/eu33fg/Downloads/graalvm-ce-19.1.1/Contents/Home/jre/languages/nfi"/><property name="file.encoding" value="UTF-8"/><property name="jvmci.Compiler" value="graal"/><property name="java.specification.version" value="1.8"/>
    </properties>
                     <testcase classname="CircuitBreakerSpec" name="CircuitBreaker should pass successfully for all underlying successful calls" time="0.285">
                                                 
                                               </testcase><testcase classname="CircuitBreakerSpec" name="CircuitBreaker should remain closed for failures within threshold" time="0.003">
                                                 
                                               </testcase><testcase classname="CircuitBreakerSpec" name="CircuitBreaker should move to open state for failures beyond threshold" time="1.014">
                                                 
                                               </testcase>
                     <system-out><![CDATA[]]></system-out>
                     <system-err><![CDATA[]]></system-err>
                   </testsuite>